Content-Type: text/plain; charset="utf-8"
MIME-Version: 1.0
Content-Transfer-Encoding: 7bit
Subject: 
 =?utf-8?q?Content-Type=3A_text/plain=3B_charset=3D=22utf-8=22MIME-Version=3A?=
 =?utf-8?q?_1=2E0Content-Transfer-Encoding=3A_8bitSubject=3A_Password_reset_?=
 =?utf-8?q?on_127=2E0=2E0=2E1=3A8000From=3A_webmaster=40localhostTo=3A_will?=
 =?utf-8?q?=40learndjango=2EcomDate=3A_Fri=2C_18_Mar_2022_19=3A20=3A44_-0000?=
 =?utf-8?q?Message-ID=3A__=3C159985204410=2E36328=2E18347848425987829694=401?=
 =?utf-8?q?=2E0=2E0=2E0=2E0=2E0=2E0=2E0=2E0=2E0=2E0=2E0=2E0=2E0=2E0=2E0=2E0?=
 =?utf-8?q?=2E0=2E0=2E0=2E0=2E0=2E0=2E0=2E0=2E0=2E0=2E0=2E0=2E0=2E0=2E0=2Eip?=
 =?utf-8?q?6=2Earpa=3EYou=27re_receiving_this_email_because_you_requested_a_?=
 =?utf-8?q?password_reset_for_your_user_account_at_127=2E0=2E0=2E1=3A8000=2E?=
 =?utf-8?q?Please_go_to_the_following_page_and_choose_a_new_password=3Ahttp?=
 =?utf-8?q?=3A//127=2E0=2E0=2E1=3A8000/accounts/reset/MQ/aa1v2k-8ab2c9597a4f?=
 =?utf-8?q?6cc754e3dc5baaf3c77f/Your_username=2C_in_case_you=E2=80=99ve_forg?=
 =?utf-8?q?otten=3A_wsvThanks_for_using_our_site!The_127=2E0=2E0=2E1=3A8000_?=
 =?utf-8?q?team?=
From: webmaster@localhost
To: samanee.ghasemi@gmail.com
Date: Tue, 18 Jul 2023 16:28:15 -0000
Message-ID: <168969769517.9164.4712782214779479777@Samane>


-------------------------------------------------------------------------------
